2018-May-11 10:11:02 Наличие необходимых модулей php (check_php_modules): Ok
Все необходимые модули установлены
2018-May-11 10:11:02 Обязательные параметры PHP (check_php_settings): Ok
Настройки правильные
2018-May-11 10:11:03 Модули веб-сервера (check_security): Ok
Конфликтов не выявлено
2018-May-11 10:11:03 Значения переменных сервера (check_server_vars): Ok
Корректные
2018-May-11 10:11:03 Сохранение сессии (check_session): Ok
50% done
2018-May-11 10:11:03 Сохранение сессии (check_session): Ok
Успешно
2018-May-11 10:11:03 Параметры настройки UTF (mbstring и константа BX_UTF) (check_mbstring): Ok
Правильные. Сайт работает в UTF кодировке
2018-May-11 10:11:03 Служебные скрипты в корне сайта (check_install_scripts): Fail
Ошибка! Файл существует: bitrix_server_test.php

2018-May-11 10:11:03 Работа с сокетами (check_socket): Ok
Connection to test41.megamir38.ru:80	Success

Успешно
2018-May-11 10:11:03 Параметры подключения к базе данных (check_dbconn_settings): Ok
Успешно
2018-May-11 10:11:04 Лишний вывод в файлах конфигурации (check_dbconn): Ok
Connection to test41.megamir38.ru:80	Success

Успешно
2018-May-11 10:11:04 Выполнение агентов на cron (check_bx_crontab): Warning
Замечание. Агенты выполняются на хитах, рекомендуется перевести выполнение агентов на cron
2018-May-11 10:11:04 Сохранение сессии без UserAgent (check_session_ua): Ok
50% done
Connection to test41.megamir38.ru:80	Success

2018-May-11 10:11:04 Сохранение сессии без UserAgent (check_session_ua): Ok
Connection to test41.megamir38.ru:80	Success

Успешно
2018-May-11 10:11:04 Настройки сайтов (check_sites): Ok
Правильные
2018-May-11 10:11:04 Передача объектов по ссылке (check_clone): Ok
Успешно
2018-May-11 10:11:05 Размер стека и pcre.recursion_limit (check_pcre_recursion): Ok
Connection to test41.megamir38.ru:80	Success

Успешно
2018-May-11 10:11:05 Вызов method_exists на строке (check_method_exists): Ok
Connection to test41.megamir38.ru:80	Success

Успешно
2018-May-11 10:11:05 Загрузка файла (check_upload): Ok
Connection to test41.megamir38.ru:80	Success

Успешно
2018-May-11 10:11:05 Загрузка файла больше 4Мб (check_upload_big): Ok
Connection to test41.megamir38.ru:80	Success

Успешно
2018-May-11 10:11:05 Загрузка файла через php://input (check_upload_raw): Ok
Connection to test41.megamir38.ru:80	Success

Успешно
2018-May-11 10:11:05 Передача POST запроса с большим числом параметров (check_post): Ok
Connection to test41.megamir38.ru:80	Success

Успешно
2018-May-11 10:11:06 Отправка почты (check_mail): Ok
Успешно
2018-May-11 10:11:06 Отправка почтового сообщения больше 64Кб (check_mail_big): Ok
Успешно
2018-May-11 10:11:06 Проверка на наличие неотправленных сообщений (check_mail_b_event): Ok
Успешно
2018-May-11 10:11:06 Внутреннее перенаправление (функция LocalRedirect) (check_localredirect): Ok
50% done
Connection to test41.megamir38.ru:80	Success

2018-May-11 10:11:06 Внутреннее перенаправление (функция LocalRedirect) (check_localredirect): Ok
Connection to test41.megamir38.ru:80	Success

Успешно
2018-May-11 10:11:06 Фактическое ограничение памяти (check_memory_limit): Ok
20% done
Connection to test41.megamir38.ru:80	Success

2018-May-11 10:11:07 Фактическое ограничение памяти (check_memory_limit): Ok
40% done
Connection to test41.megamir38.ru:80	Success

2018-May-11 10:11:07 Фактическое ограничение памяти (check_memory_limit): Ok
60% done
Connection to test41.megamir38.ru:80	Success

2018-May-11 10:11:07 Фактическое ограничение памяти (check_memory_limit): Ok
80% done
Connection to test41.megamir38.ru:80	Success

2018-May-11 10:11:07 Фактическое ограничение памяти (check_memory_limit): Ok
Connection to test41.megamir38.ru:80	Success

Не менее 256 М
2018-May-11 10:11:07 Работа с файлами кеша (check_cache): Ok
Успешно
2018-May-11 10:11:08 Доступ к серверу обновлений (check_update): Ok
Успешно
2018-May-11 10:11:08 HTTP авторизация (check_http_auth): Ok
Connection to test41.megamir38.ru:80	Success

Успешно
2018-May-11 10:11:08 Создание и запуск файла (check_exec): Ok
Connection to test41.megamir38.ru:80	Success

Успешно
2018-May-11 10:11:08 Функция getimagesize для swf (check_getimagesize): Ok
Успешно
2018-May-11 10:11:08 Версия MySQL-сервера (check_mysql_bug_version): Ok
Успешно
2018-May-11 10:11:09 Время на БД и веб-сервере (check_mysql_time): Ok
Успешно
2018-May-11 10:11:09 Режим работы MySQL (check_mysql_mode): Fail
Ошибка! Переменная sql_mode в MySQL должна быть пустая, текущее значение: NO_ENGINE_SUBSTITUTION
2018-May-11 10:11:09 Кодировка соединения (check_mysql_connection_charset): Ok
character_set_connection=utf8, collation_connection=utf8_unicode_ci, character_set_results=utf8
Успешно
2018-May-11 10:11:09 Кодировка базы данных (check_mysql_db_charset): Fail
CHARSET=latin1, COLLATION=latin1_swedish_ci
Ошибка! Кодировка базы (latin1) отличается от кодировки соединения (utf8). Исправить
2018-May-11 10:11:09 Кодировки таблиц в БД (check_mysql_table_charset): Warning
Замечание. Не проверено из-за ошибки кодировки базы
2018-May-11 10:11:10 Структура базы данных (check_mysql_table_structure): Ok
0% done
2018-May-11 10:11:11 Структура базы данных (check_mysql_table_structure): Ok
4% done
2018-May-11 10:11:15 Структура базы данных (check_mysql_table_structure): Ok
9% done
2018-May-11 10:11:15 Структура базы данных (check_mysql_table_structure): Ok
14% done
2018-May-11 10:11:17 Структура базы данных (check_mysql_table_structure): Ok
19% done
2018-May-11 10:11:18 Структура базы данных (check_mysql_table_structure): Ok
23% done
2018-May-11 10:11:19 Структура базы данных (check_mysql_table_structure): Ok
28% done
2018-May-11 10:11:23 Структура базы данных (check_mysql_table_structure): Ok
33% done
2018-May-11 10:11:24 Структура базы данных (check_mysql_table_structure): Ok
38% done
2018-May-11 10:11:39 Структура базы данных (check_mysql_table_structure): Ok
42% done
2018-May-11 10:11:43 Структура базы данных (check_mysql_table_structure): Ok
47% done
2018-May-11 10:11:44 Структура базы данных (check_mysql_table_structure): Ok
52% done
2018-May-11 10:11:50 Структура базы данных (check_mysql_table_structure): Ok
57% done
В таблице b_forum_private_message поле REQUEST_IS_READ "char(1) NOT NULL " не соответствует описанию на диске "char(1) NULL DEFAULT NULL  "

2018-May-11 10:11:53 Структура базы данных (check_mysql_table_structure): Ok
61% done
2018-May-11 10:11:57 Структура базы данных (check_mysql_table_structure): Ok
66% done
2018-May-11 10:12:00 Структура базы данных (check_mysql_table_structure): Ok
71% done
2018-May-11 10:12:01 Структура базы данных (check_mysql_table_structure): Ok
76% done
2018-May-11 10:12:03 Структура базы данных (check_mysql_table_structure): Ok
80% done
2018-May-11 10:12:03 Структура базы данных (check_mysql_table_structure): Ok
85% done
2018-May-11 10:12:03 Структура базы данных (check_mysql_table_structure): Ok
90% done
2018-May-11 10:12:05 Структура базы данных (check_mysql_table_structure): Ok
95% done
2018-May-11 10:12:05 Структура базы данных (check_mysql_table_structure): Fail
ALTER TABLE `b_forum_private_message` MODIFY `REQUEST_IS_READ` char(1) NULL DEFAULT NULL  ;
Ошибка! Структура базы данных имеет ошибки (нет таблиц: 0, нет полей: 0, поля отличаются: 1, нет индексов: 0). Всего 1, автоматически могут быть исправлены: 1. Исправить
